Added Pin To Net: NetName=5V Pin=J1-4
Added Pin To Net: NetName=5V Pin=U1-4
Added Net: Name=5V
Added Pin To Net: NetName=EN Pin=J2-5
Added Pin To Net: NetName=EN Pin=U1-3
Added Net: Name=EN
Added Pin To Net: NetName=GND Pin=J1-2
Added Pin To Net: NetName=GND Pin=J2-4
Added Pin To Net: NetName=GND Pin=P1-2
Added Pin To Net: NetName=GND Pin=P1-5
Added Pin To Net: NetName=GND Pin=P1-6
Added Pin To Net: NetName=GND Pin=P1-7
Added Pin To Net: NetName=GND Pin=P2-2
Added Pin To Net: NetName=GND Pin=P2-5
Added Pin To Net: NetName=GND Pin=P2-6
Added Pin To Net: NetName=GND Pin=P2-7
Added Pin To Net: NetName=GND Pin=P3-2
Added Pin To Net: NetName=GND Pin=P3-5
Added Pin To Net: NetName=GND Pin=P3-6
Added Pin To Net: NetName=GND Pin=P3-7
Added Pin To Net: NetName=GND Pin=P4-2
Added Pin To Net: NetName=GND Pin=P4-5
Added Pin To Net: NetName=GND Pin=P4-6
Added Pin To Net: NetName=GND Pin=P4-7
Added Pin To Net: NetName=GND Pin=U1-2
Added Pin To Net: NetName=GND Pin=U1-5
Added Net: Name=GND
Added Pin To Net: NetName=SCL Pin=J2-8
Added Pin To Net: NetName=SCL Pin=P1-3
Added Pin To Net: NetName=SCL Pin=P2-3
Added Pin To Net: NetName=SCL Pin=P3-3
Added Pin To Net: NetName=SCL Pin=P4-3
Added Net: Name=SCL
Added Pin To Net: NetName=SDA Pin=J2-7
Added Pin To Net: NetName=SDA Pin=P1-4
Added Pin To Net: NetName=SDA Pin=P2-4
Added Pin To Net: NetName=SDA Pin=P3-4
Added Pin To Net: NetName=SDA Pin=P4-4
Added Net: Name=SDA
Added Pin To Net: NetName=VDD Pin=P1-1
Added Pin To Net: NetName=VDD Pin=P2-1
Added Pin To Net: NetName=VDD Pin=P3-1
Added Pin To Net: NetName=VDD Pin=P4-1
Added Pin To Net: NetName=VDD Pin=U1-1
Added Net: Name=VDD
Add Class Member: Failed to add class member : Component R1 Resistor
Add Class Member: Failed to add class member : Component R2 Resistor
Added Rule: Name=Schematic Supply Nets
